Build started 4/26/2013 3:20:18 AM.
     1>Project "C:\Study\Work Program\VC test\PlayWithOpenGL\PlayWithOpenGL\PlayWithOpenGL.vcxproj" on node 2 (build target(s)).
     1>InitializeBuildStatus:
         Creating "Debug\PlayWithOpenGL.unsuccessfulbuild" because "AlwaysCreate" was specified.
       ClCompile:
         All outputs are up-to-date.
         C:\Program Files (x86)\Microsoft Visual Studio 10.0\VC\bin\CL.exe /c /ZI /nologo /W3 /WX- /Od /Oy- /D WIN32 /D _DEBUG /D _CONSOLE /D _UNICODE /D UNICODE /Gm /EHsc /RTC1 /MDd /GS /fp:precise /Zc:wchar_t /Zc:forScope /Fo"Debug\\" /Fd"Debug\vc100.pdb" /Gd /TP /analyze- /errorReport:prompt fluidSimulation.cpp
         fluidSimulation.cpp
       ManifestResourceCompile:
         All outputs are up-to-date.
       Link:
         C:\Program Files (x86)\Microsoft Visual Studio 10.0\VC\bin\link.exe /ERRORREPORT:PROMPT /OUT:"C:\Study\Work Program\VC test\PlayWithOpenGL\Debug\PlayWithOpenGL.exe" /INCREMENTAL /NOLOGO kernel32.lib user32.lib gdi32.lib winspool.lib comdlg32.lib advapi32.lib shell32.lib ole32.lib oleaut32.lib uuid.lib odbc32.lib odbccp32.lib /MANIFEST /ManifestFile:"Debug\PlayWithOpenGL.exe.intermediate.manifest" /MANIFESTUAC:"level='asInvoker' uiAccess='false'" /DEBUG /PDB:"C:\Study\Work Program\VC test\PlayWithOpenGL\Debug\PlayWithOpenGL.pdb" /SUBSYSTEM:CONSOLE /TLBID:1 /DYNAMICBASE /NXCOMPAT /IMPLIB:"C:\Study\Work Program\VC test\PlayWithOpenGL\Debug\PlayWithOpenGL.lib" /MACHINE:X86 Debug\PlayWithOpenGL.exe.embed.manifest.res
         Debug\camera.obj
         Debug\field.obj
         Debug\fluidSimulation.obj
         Debug\Particle.obj
         Debug\stdafx.obj
       Manifest:
         C:\Program Files (x86)\Microsoft SDKs\Windows\v7.0A\bin\mt.exe /nologo /verbose /out:"Debug\PlayWithOpenGL.exe.embed.manifest" /manifest Debug\PlayWithOpenGL.exe.intermediate.manifest
         All outputs are up-to-date.
       LinkEmbedManifest:
         All outputs are up-to-date.
         PlayWithOpenGL.vcxproj -> C:\Study\Work Program\VC test\PlayWithOpenGL\Debug\PlayWithOpenGL.exe
       FinalizeBuildStatus:
         Deleting file "Debug\PlayWithOpenGL.unsuccessfulbuild".
         Touching "Debug\PlayWithOpenGL.lastbuildstate".
     1>Done Building Project "C:\Study\Work Program\VC test\PlayWithOpenGL\PlayWithOpenGL\PlayWithOpenGL.vcxproj" (build target(s)).

生成成功。

Time Elapsed 00:00:01.42
